Build started 16.07.2013 21:14:51.
     1>Project "E:\BioCad\au-summer-2013\lib\share\zlib-1.2.8\zlibstatic.vcxproj" on node 2 (build target(s)).
     1>InitializeBuildStatus:
         Creating "zlibstatic.dir\Release\zlibstatic.unsuccessfulbuild" because "AlwaysCreate" was specified.
       CustomBuild:
         Building Custom Rule E:/BioCad/au-summer-2013/lib/share/zlib-1.2.8/CMakeLists.txt
         CMake does not need to re-run because E:\BioCad\au-summer-2013\lib\share\zlib-1.2.8\CMakeFiles\generate.stamp is up-to-date.
       ClCompile:
         C:\Program Files (x86)\Microsoft Visual Studio 10.0\VC\bin\CL.exe /c /I"E:/BioCad/au-summer-2013/lib/share/zlib-1.2.8" /nologo /W3 /WX- /O2 /Ob2 /Oy- /D WIN32 /D _WINDOWS /D NDEBUG /D NO_FSEEKO /D _CRT_SECURE_NO_DEPRECATE /D _CRT_NONSTDC_NO_DEPRECATE /D "CMAKE_INTDIR=\"Release\"" /D _MBCS /Gm- /MD /GS /fp:precise /Zc:wchar_t /Zc:forScope /Fo"zlibstatic.dir\Release\\" /Fd"E:/BioCad/au-summer-2013/lib/share/zlib-1.2.8/Release/zlibstatic.pdb" /Gd /TC /analyze- /errorReport:prompt adler32.c compress.c crc32.c deflate.c gzclose.c gzlib.c gzread.c gzwrite.c inflate.c infback.c inftrees.c inffast.c trees.c uncompr.c zutil.c
         adler32.c
         compress.c
         crc32.c
         deflate.c
         gzclose.c
         gzlib.c
         gzread.c
         gzwrite.c
         inflate.c
         infback.c
         inftrees.c
         inffast.c
         trees.c
         uncompr.c
         zutil.c
         Generating Code...
       Lib:
         C:\Program Files (x86)\Microsoft Visual Studio 10.0\VC\bin\Lib.exe /OUT:"E:\BioCad\au-summer-2013\lib\share\zlib-1.2.8\Release\zlibstatic.lib" /NOLOGO zlibstatic.dir\Release\adler32.obj
         zlibstatic.dir\Release\compress.obj
         zlibstatic.dir\Release\crc32.obj
         zlibstatic.dir\Release\deflate.obj
         zlibstatic.dir\Release\gzclose.obj
         zlibstatic.dir\Release\gzlib.obj
         zlibstatic.dir\Release\gzread.obj
         zlibstatic.dir\Release\gzwrite.obj
         zlibstatic.dir\Release\inflate.obj
         zlibstatic.dir\Release\infback.obj
         zlibstatic.dir\Release\inftrees.obj
         zlibstatic.dir\Release\inffast.obj
         zlibstatic.dir\Release\trees.obj
         zlibstatic.dir\Release\uncompr.obj
         zlibstatic.dir\Release\zutil.obj
         zlibstatic.vcxproj -> E:\BioCad\au-summer-2013\lib\share\zlib-1.2.8\Release\zlibstatic.lib
       FinalizeBuildStatus:
         Deleting file "zlibstatic.dir\Release\zlibstatic.unsuccessfulbuild".
         Touching "zlibstatic.dir\Release\zlibstatic.lastbuildstate".
     1>Done Building Project "E:\BioCad\au-summer-2013\lib\share\zlib-1.2.8\zlibstatic.vcxproj" (build target(s)).

Build succeeded.

Time Elapsed 00:00:01.31
