Build started 16.07.2013 21:14:51.
     1>Project "E:\BioCad\au-summer-2013\lib\share\zlib-1.2.8\zlib.vcxproj" on node 3 (build target(s)).
     1>InitializeBuildStatus:
         Creating "zlib.dir\Release\zlib.unsuccessfulbuild" because "AlwaysCreate" was specified.
       CustomBuild:
         Building Custom Rule E:/BioCad/au-summer-2013/lib/share/zlib-1.2.8/CMakeLists.txt
         CMake does not need to re-run because E:\BioCad\au-summer-2013\lib\share\zlib-1.2.8\CMakeFiles\generate.stamp is up-to-date.
       ClCompile:
         C:\Program Files (x86)\Microsoft Visual Studio 10.0\VC\bin\CL.exe /c /I"E:/BioCad/au-summer-2013/lib/share/zlib-1.2.8" /nologo /W3 /WX- /O2 /Ob2 /Oy- /D WIN32 /D _WINDOWS /D NDEBUG /D NO_FSEEKO /D _CRT_SECURE_NO_DEPRECATE /D _CRT_NONSTDC_NO_DEPRECATE /D "CMAKE_INTDIR=\"Release\"" /D ZLIB_DLL /D _WINDLL /D _MBCS /Gm- /MD /GS /fp:precise /Zc:wchar_t /Zc:forScope /Fo"zlib.dir\Release\\" /Fd"E:/BioCad/au-summer-2013/lib/share/zlib-1.2.8/Release/zlib.pdb" /Gd /TC /analyze- /errorReport:prompt adler32.c compress.c crc32.c deflate.c gzclose.c gzlib.c gzread.c gzwrite.c inflate.c infback.c inftrees.c inffast.c trees.c uncompr.c zutil.c
         adler32.c
         compress.c
         crc32.c
         deflate.c
         gzclose.c
         gzlib.c
         gzread.c
         gzwrite.c
         inflate.c
         infback.c
         inftrees.c
         inffast.c
         trees.c
         uncompr.c
         zutil.c
         Generating Code...
       ResourceCompile:
         C:\Program Files (x86)\Microsoft SDKs\Windows\v7.0A\bin\rc.exe /D WIN32 /D _WINDOWS /D NDEBUG /D NO_FSEEKO /D _CRT_SECURE_NO_DEPRECATE /D _CRT_NONSTDC_NO_DEPRECATE /D "CMAKE_INTDIR=\\\"Release\\\"" /D ZLIB_DLL /l"0x0409" /I"E:/BioCad/au-summer-2013/lib/share/zlib-1.2.8" /nologo /fo"zlib.dir\Release\zlib1.res" win32\zlib1.rc 
       Link:
         C:\Program Files (x86)\Microsoft Visual Studio 10.0\VC\bin\link.exe /ERRORREPORT:PROMPT /OUT:"E:\BioCad\au-summer-2013\lib\share\zlib-1.2.8\Release\zlib.dll" /INCREMENTAL:NO /NOLOGO kernel32.lib user32.lib gdi32.lib winspool.lib shell32.lib ole32.lib oleaut32.lib uuid.lib comdlg32.lib advapi32.lib /MANIFEST /ManifestFile:"zlib.dir\Release\zlib.dll.intermediate.manifest" /MANIFESTUAC:"level='asInvoker' uiAccess='false'" /PDB:"E:/BioCad/au-summer-2013/lib/share/zlib-1.2.8/Release/zlib.pdb" /SUBSYSTEM:CONSOLE /TLBID:1 /DYNAMICBASE /NXCOMPAT /IMPLIB:"E:/BioCad/au-summer-2013/lib/share/zlib-1.2.8/Release/zlib.lib" /MACHINE:X86 /DLL zlib.dir\Release\zlib1.res
         zlib.dir\Release\adler32.obj
         zlib.dir\Release\compress.obj
         zlib.dir\Release\crc32.obj
         zlib.dir\Release\deflate.obj
         zlib.dir\Release\gzclose.obj
         zlib.dir\Release\gzlib.obj
         zlib.dir\Release\gzread.obj
         zlib.dir\Release\gzwrite.obj
         zlib.dir\Release\inflate.obj
         zlib.dir\Release\infback.obj
         zlib.dir\Release\inftrees.obj
         zlib.dir\Release\inffast.obj
         zlib.dir\Release\trees.obj
         zlib.dir\Release\uncompr.obj
         zlib.dir\Release\zutil.obj  /machine:X86 
            Creating library E:/BioCad/au-summer-2013/lib/share/zlib-1.2.8/Release/zlib.lib and object E:/BioCad/au-summer-2013/lib/share/zlib-1.2.8/Release/zlib.exp
         zlib.vcxproj -> E:\BioCad\au-summer-2013\lib\share\zlib-1.2.8\Release\zlib.dll
       Manifest:
         C:\Program Files (x86)\Microsoft SDKs\Windows\v7.0A\bin\mt.exe /nologo /verbose /outputresource:"E:\BioCad\au-summer-2013\lib\share\zlib-1.2.8\Release\zlib.dll;#2" /manifest zlib.dir\Release\zlib.dll.intermediate.manifest
       FinalizeBuildStatus:
         Deleting file "zlib.dir\Release\zlib.unsuccessfulbuild".
         Touching "zlib.dir\Release\zlib.lastbuildstate".
     1>Done Building Project "E:\BioCad\au-summer-2013\lib\share\zlib-1.2.8\zlib.vcxproj" (build target(s)).

Build succeeded.

Time Elapsed 00:00:01.45
